This is pdfTeX, Version 3.141592653-2.6-1.40.25 (TeX Live 2023) (preloaded format=pdflatex 2023.8.19)  10 NOV 2024 17:28
entering extended mode
 restricted \write18 enabled.
 file:line:error style messages enabled.
 %&-line parsing enabled.
**p1.tex
(./p1.tex
LaTeX2e <2022-11-01> patch level 1
L3 programming layer <2023-02-22>
(/usr/local/texlive/2023/texmf-dist/tex/latex/base/article.cls
Document Class: article 2022/07/02 v1.4n Standard LaTeX document class
(/usr/local/texlive/2023/texmf-dist/tex/latex/base/size10.clo
File: size10.clo 2022/07/02 v1.4n Standard LaTeX file (size option)
)
\c@part=\count185
\c@section=\count186
\c@subsection=\count187
\c@subsubsection=\count188
\c@paragraph=\count189
\c@subparagraph=\count190
\c@figure=\count191
\c@table=\count192
\abovecaptionskip=\skip48
\belowcaptionskip=\skip49
\bibindent=\dimen140
)
(/usr/local/texlive/2023/texmf-dist/tex/latex/graphics/graphicx.sty
Package: graphicx 2021/09/16 v1.2d Enhanced LaTeX Graphics (DPC,SPQR)

(/usr/local/texlive/2023/texmf-dist/tex/latex/graphics/keyval.sty
Package: keyval 2022/05/29 v1.15 key=value parser (DPC)
\KV@toks@=\toks16
)
(/usr/local/texlive/2023/texmf-dist/tex/latex/graphics/graphics.sty
Package: graphics 2022/03/10 v1.4e Standard LaTeX Graphics (DPC,SPQR)

(/usr/local/texlive/2023/texmf-dist/tex/latex/graphics/trig.sty
Package: trig 2021/08/11 v1.11 sin cos tan (DPC)
)
(/usr/local/texlive/2023/texmf-dist/tex/latex/graphics-cfg/graphics.cfg
File: graphics.cfg 2016/06/04 v1.11 sample graphics configuration
)
Package graphics Info: Driver file: pdftex.def on input line 107.

(/usr/local/texlive/2023/texmf-dist/tex/latex/graphics-def/pdftex.def
File: pdftex.def 2022/09/22 v1.2b Graphics/color driver for pdftex
))
\Gin@req@height=\dimen141
\Gin@req@width=\dimen142
)
(/usr/local/texlive/2023/texmf-dist/tex/latex/algorithm2e/algorithm2e.sty
Package: algorithm2e 2017/07/18 v5.2 algorithms environments
\c@AlgoLine=\count193

(/usr/local/texlive/2023/texmf-dist/tex/latex/base/ifthen.sty
Package: ifthen 2022/04/13 v1.1d Standard LaTeX ifthen package (DPC)
)
\algocf@hangindent=\skip50

(/usr/local/texlive/2023/texmf-dist/tex/latex/ifoddpage/ifoddpage.sty
Package: ifoddpage 2022/10/18 v1.2 Conditionals for odd/even page detection
\c@checkoddpage=\count194
)
(/usr/local/texlive/2023/texmf-dist/tex/latex/tools/xspace.sty
Package: xspace 2014/10/28 v1.13 Space after command names (DPC,MH)
)
(/usr/local/texlive/2023/texmf-dist/tex/latex/relsize/relsize.sty
Package: relsize 2013/03/29 ver 4.1
)
\skiptotal=\skip51
\skiplinenumber=\skip52
\skiprule=\skip53
\skiphlne=\skip54
\skiptext=\skip55
\skiplength=\skip56
\algomargin=\skip57
\skipalgocfslide=\skip58
\algowidth=\dimen143
\inoutsize=\dimen144
\inoutindent=\dimen145
\interspacetitleruled=\dimen146
\interspacealgoruled=\dimen147
\interspacetitleboxruled=\dimen148
\algocf@ruledwidth=\skip59
\algocf@inoutbox=\box51
\algocf@inputbox=\box52
\AlCapSkip=\skip60
\AlCapHSkip=\skip61
\algoskipindent=\skip62
\algocf@nlbox=\box53
\algocf@hangingbox=\box54
\algocf@untilbox=\box55
\algocf@skipuntil=\skip63
\algocf@capbox=\box56
\algocf@lcaptionbox=\skip64
\algoheightruledefault=\skip65
\algoheightrule=\skip66
\algotitleheightruledefault=\skip67
\algotitleheightrule=\skip68
\c@algocfline=\count195
\c@algocfproc=\count196
\c@algocf=\count197
\algocf@algoframe=\box57
\algocf@algobox=\box58
)
(/usr/local/texlive/2023/texmf-dist/tex/latex/algorithmicx/algpseudocode.sty
Package: algpseudocode 

(/usr/local/texlive/2023/texmf-dist/tex/latex/algorithmicx/algorithmicx.sty
Package: algorithmicx 2005/04/27 v1.2 Algorithmicx

Document Style algorithmicx 1.2 - a greatly improved `algorithmic' style
\c@ALG@line=\count198
\c@ALG@rem=\count199
\c@ALG@nested=\count266
\ALG@tlm=\skip69
\ALG@thistlm=\skip70
\c@ALG@Lnr=\count267
\c@ALG@blocknr=\count268
\c@ALG@storecount=\count269
\c@ALG@tmpcounter=\count270
\ALG@tmplength=\skip71
)
Document Style - pseudocode environments for use with the `algorithmicx' style
) (/usr/local/texlive/2023/texmf-dist/tex/latex/l3backend/l3backend-pdftex.def
File: l3backend-pdftex.def 2023-01-16 L3 backend support: PDF output (pdfTeX)
\l__color_backend_stack_int=\count271
\l__pdf_internal_box=\box59
) (./p1.aux)
\openout1 = `p1.aux'.

LaTeX Font Info:    Checking defaults for OML/cmm/m/it on input line 10.
LaTeX Font Info:    ... okay on input line 10.
LaTeX Font Info:    Checking defaults for OMS/cmsy/m/n on input line 10.
LaTeX Font Info:    ... okay on input line 10.
LaTeX Font Info:    Checking defaults for OT1/cmr/m/n on input line 10.
LaTeX Font Info:    ... okay on input line 10.
LaTeX Font Info:    Checking defaults for T1/cmr/m/n on input line 10.
LaTeX Font Info:    ... okay on input line 10.
LaTeX Font Info:    Checking defaults for TS1/cmr/m/n on input line 10.
LaTeX Font Info:    ... okay on input line 10.
LaTeX Font Info:    Checking defaults for OMX/cmex/m/n on input line 10.
LaTeX Font Info:    ... okay on input line 10.
LaTeX Font Info:    Checking defaults for U/cmr/m/n on input line 10.
LaTeX Font Info:    ... okay on input line 10.

(/usr/local/texlive/2023/texmf-dist/tex/context/base/mkii/supp-pdf.mkii
[Loading MPS to PDF converter (version 2006.09.02).]
\scratchcounter=\count272
\scratchdimen=\dimen149
\scratchbox=\box60
\nofMPsegments=\count273
\nofMParguments=\count274
\everyMPshowfont=\toks17
\MPscratchCnt=\count275
\MPscratchDim=\dimen150
\MPnumerator=\count276
\makeMPintoPDFobject=\count277
\everyMPtoPDFconversion=\toks18
) (/usr/local/texlive/2023/texmf-dist/tex/latex/epstopdf-pkg/epstopdf-base.sty
Package: epstopdf-base 2020-01-24 v2.11 Base part for package epstopdf
Package epstopdf-base Info: Redefining graphics rule for `.eps' on input line 4
85.

(/usr/local/texlive/2023/texmf-dist/tex/latex/latexconfig/epstopdf-sys.cfg
File: epstopdf-sys.cfg 2010/07/13 v1.3 Configuration of (r)epstopdf for TeX Liv
e
))
LaTeX Font Info:    External font `cmex10' loaded for size
(Font)              <12> on input line 14.
LaTeX Font Info:    External font `cmex10' loaded for size
(Font)              <8> on input line 14.
LaTeX Font Info:    External font `cmex10' loaded for size
(Font)              <6> on input line 14.

Underfull \hbox (badness 10000) in paragraph at lines 18--19

 []


Underfull \hbox (badness 10000) in paragraph at lines 20--21

 []


Underfull \hbox (badness 10000) in paragraph at lines 22--23

 []

[1

{/usr/local/texlive/2023/texmf-var/fonts/map/pdftex/updmap/pdftex.map}]
LaTeX Font Info:    External font `cmex10' loaded for size
(Font)              <7> on input line 30.
LaTeX Font Info:    External font `cmex10' loaded for size
(Font)              <5> on input line 30.

Overfull \hbox (46.71909pt too wide) in paragraph at lines 30--30
[]\OT1/cmr/bx/n/10 Algorithm 1: $\OML/cmm/m/it/10 GreedyInfluenceMaximization\O
T1/cmr/m/n/10 (\OML/cmm/m/it/10 G; activationProbability; trials\OT1/cmr/m/n/10
 )$ 
 []


Underfull \hbox (badness 10000) in paragraph at lines 72--73

 []

[2]
Underfull \hbox (badness 10000) in paragraph at lines 78--79

 []


Underfull \hbox (badness 10000) in paragraph at lines 80--81

 []

[3]
<test19.png, id=21, 1262.7175pt x 664.4825pt>
File: test19.png Graphic file (type png)
<use test19.png>
Package pdftex.def Info: test19.png  used on input line 85.
(pdftex.def)             Requested size: 568.21764pt x 299.01436pt.

Underfull \hbox (badness 10000) in paragraph at lines 91--92

 []

[4 <./test19.png>]
Underfull \hbox (badness 10000) in paragraph at lines 97--98

 []


Overfull \hbox (64.49643pt too wide) in paragraph at lines 185--185
[]\OT1/cmtt/m/n/10 def greedy_influence_maximization(G, activation_probability=
0.2, trials=1000):[] 
 []


Overfull \hbox (153.74565pt too wide) in paragraph at lines 185--185
[]                    \OT1/cmtt/m/n/10 if random() < activation_probability and
 n1 not in q and n1 not in visited:[] 
 []

[5]
Overfull \hbox (11.99689pt too wide) in paragraph at lines 185--185
[]    \OT1/cmtt/m/n/10 nx.set_node_attributes(G1, high_degree, "high_degree_inf
luence")[] 
 []


Overfull \hbox (253.49478pt too wide) in paragraph at lines 185--185
[]    \OT1/cmtt/m/n/10 nx.draw(G1, pos, ax=axes[0], node_color=["red" if greedy
[node] == greedy_max else "blue" for node in G.nodes])[] 
 []


Overfull \hbox (305.99432pt too wide) in paragraph at lines 185--185
[]    \OT1/cmtt/m/n/10 nx.draw(G1, pos, ax=axes[1], node_color=["red" if high_d
egree[node] == high_degree_max else "blue" for node in G.nodes])[] 
 []


Overfull \hbox (64.49643pt too wide) in paragraph at lines 185--185
[]    \OT1/cmtt/m/n/10 nx.draw_networkx_labels(G1, pos, ax=axes[0], labels = gr
eedy, font_size=8)[] 
 []


Overfull \hbox (22.4968pt too wide) in paragraph at lines 185--185
[]    \OT1/cmtt/m/n/10 nx.draw_networkx_labels(G1, pos, ax=axes[1], labels = hi
gh_degree)[] 
 []


Overfull \hbox (1429.48453pt too wide) in paragraph at lines 185--185
[]\OT1/cmtt/m/n/10 G1 = nx.Graph([(1, 2), (1, 3), (1, 4), (1, 5), (1, 6), (1, 7
), (1, 8), (1, 9), (1, 10), (10, 11), (10, 13), (16, 17), (15, 17), (13, 11), (
10, 14), (10, 21), (14, 15), (14, 16), (14, 17), (14, 18), (18, 17), (19, 18), 
(20, 19), (20, 21), (11, 21), (12, 21), (22, 12), (21, 22), (15, 13), (10, 19),
 (12, 14), (22, 18), (16, 12), (20, 13)])[] 
 []

[6]
Overfull \hbox (284.9945pt too wide) in paragraph at lines 185--185
[]\OT1/cmtt/m/n/10 # G1 = nx.generators.community.stochastic_block_model([10, 2
5, 13], [[0.8, 0.1, 0.1], [0.1, 0.8, 0.1], [0.1, 0.1, 0.8]])[] 
 []


Overfull \hbox (263.99469pt too wide) in paragraph at lines 185--185
[]\OT1/cmtt/m/n/10 # G1 = nx.Graph([*combinations(range(1,6), 2)] + [*combinati
ons(range(6,11), 2)] + [*combinations(range(11,16), 2)])[] 
 []


Underfull \hbox (badness 10000) in paragraph at lines 189--190

 []


Underfull \hbox (badness 10000) in paragraph at lines 191--192

 []

<test11.png, id=34, 1262.7175pt x 664.4825pt>
File: test11.png Graphic file (type png)
<use test11.png>
Package pdftex.def Info: test11.png  used on input line 195.
(pdftex.def)             Requested size: 568.21764pt x 299.01436pt.
[7]
<test12.png, id=39, 1262.7175pt x 664.4825pt>
File: test12.png Graphic file (type png)
<use test12.png>
Package pdftex.def Info: test12.png  used on input line 199.
(pdftex.def)             Requested size: 568.21764pt x 299.01436pt.
 [8 <./test11.png>]
<test13.png, id=44, 1262.7175pt x 664.4825pt>
File: test13.png Graphic file (type png)
<use test13.png>
Package pdftex.def Info: test13.png  used on input line 203.
(pdftex.def)             Requested size: 568.21764pt x 299.01436pt.
 [9 <./test12.png>]
<test14.png, id=49, 1262.7175pt x 664.4825pt>
File: test14.png Graphic file (type png)
<use test14.png>
Package pdftex.def Info: test14.png  used on input line 207.
(pdftex.def)             Requested size: 568.21764pt x 299.01436pt.
 [10 <./test13.png>]
<test15.png, id=54, 1262.7175pt x 664.4825pt>
File: test15.png Graphic file (type png)
<use test15.png>
Package pdftex.def Info: test15.png  used on input line 211.
(pdftex.def)             Requested size: 568.21764pt x 299.01436pt.
 [11 <./test14.png>]
Underfull \hbox (badness 10000) in paragraph at lines 214--215

 []


Underfull \hbox (badness 10000) in paragraph at lines 216--217

 []

<test16.png, id=59, 1262.7175pt x 664.4825pt>
File: test16.png Graphic file (type png)
<use test16.png>
Package pdftex.def Info: test16.png  used on input line 220.
(pdftex.def)             Requested size: 568.21764pt x 299.01436pt.
[12 <./test15.png>]
<test17.png, id=64, 1262.7175pt x 664.4825pt>
File: test17.png Graphic file (type png)
<use test17.png>
Package pdftex.def Info: test17.png  used on input line 224.
(pdftex.def)             Requested size: 568.21764pt x 299.01436pt.
 [13 <./test16.png>]
<test18.png, id=70, 1262.7175pt x 664.4825pt>
File: test18.png Graphic file (type png)
<use test18.png>
Package pdftex.def Info: test18.png  used on input line 228.
(pdftex.def)             Requested size: 568.21764pt x 299.01436pt.
 [14 <./test17.png>]
Overfull \hbox (0.30615pt too wide) in paragraph at lines 231--232
\OT1/cmr/m/n/10 edges, these al-go-rithms show each node hav-ing the min-i-mum 
pos-si-ble influence---
 []

[15 <./test18.png>] (./p1.aux) ) 
Here is how much of TeX's memory you used:
 2921 strings out of 476025
 48646 string characters out of 5790017
 1862388 words of memory out of 5000000
 23373 multiletter control sequences out of 15000+600000
 517366 words of font info for 49 fonts, out of 8000000 for 9000
 1141 hyphenation exceptions out of 8191
 57i,24n,62p,1161b,613s stack positions out of 10000i,1000n,20000p,200000b,200000s
</usr/local/texlive/2023/texmf-dist/fonts/type1
/public/amsfonts/cm/cmbx10.pfb></usr/local/texlive/2023/texmf-dist/fonts/type1/
public/amsfonts/cm/cmbx12.pfb></usr/local/texlive/2023/texmf-dist/fonts/type1/p
ublic/amsfonts/cm/cmbx7.pfb></usr/local/texlive/2023/texmf-dist/fonts/type1/pub
lic/amsfonts/cm/cmmi10.pfb></usr/local/texlive/2023/texmf-dist/fonts/type1/publ
ic/amsfonts/cm/cmr10.pfb></usr/local/texlive/2023/texmf-dist/fonts/type1/public
/amsfonts/cm/cmr12.pfb></usr/local/texlive/2023/texmf-dist/fonts/type1/public/a
msfonts/cm/cmr17.pfb></usr/local/texlive/2023/texmf-dist/fonts/type1/public/ams
fonts/cm/cmsy10.pfb></usr/local/texlive/2023/texmf-dist/fonts/type1/public/amsf
onts/cm/cmti10.pfb></usr/local/texlive/2023/texmf-dist/fonts/type1/public/amsfo
nts/cm/cmtt10.pfb>
Output written on p1.pdf (15 pages, 1369331 bytes).
PDF statistics:
 122 PDF objects out of 1000 (max. 8388607)
 66 compressed objects within 1 object stream
 0 named destinations out of 1000 (max. 500000)
 46 words of extra memory for PDF output out of 10000 (max. 10000000)

